mode: set
std/internal/controllers/controller.go:19.60,23.2 1 1
std/internal/controllers/controller.go:25.54,29.2 3 1
std/internal/controllers/controller.go:31.81,34.16 3 1
std/internal/controllers/controller.go:38.2,39.47 2 1
std/internal/controllers/controller.go:34.16,37.3 2 1
std/internal/controllers/controller.go:42.82,45.16 3 1
std/internal/controllers/controller.go:49.2,50.48 2 1
std/internal/controllers/controller.go:45.16,48.3 2 1
std/internal/controllers/controller.go:53.74,56.16 3 1
std/internal/controllers/controller.go:60.2,61.33 2 1
std/internal/controllers/controller.go:56.16,59.3 2 1
std/internal/controllers/controller.go:64.74,69.16 5 1
std/internal/controllers/controller.go:73.2,74.16 2 1
std/internal/controllers/controller.go:78.2,79.39 2 1
std/internal/controllers/controller.go:69.16,72.3 2 1
std/internal/controllers/controller.go:74.16,77.3 2 1
std/internal/controllers/controller.go:82.74,86.16 4 1
std/internal/controllers/controller.go:90.2,92.16 3 1
std/internal/controllers/controller.go:96.2,96.39 1 1
std/internal/controllers/controller.go:86.16,89.3 2 1
std/internal/controllers/controller.go:92.16,95.3 2 1
std/internal/models/model.go:9.36,11.16 2 1
std/internal/models/model.go:14.2,16.16 3 1
std/internal/models/model.go:11.16,13.3 1 0
std/internal/models/model.go:19.42,23.2 1 1
std/internal/models/model.go:37.59,39.2 1 1
std/internal/models/model.go:41.73,44.16 3 1
std/internal/models/model.go:48.2,49.18 2 1
std/internal/models/model.go:44.16,47.3 2 1
std/internal/models/model.go:52.78,55.16 3 1
std/internal/models/model.go:59.2,59.18 1 1
std/internal/models/model.go:55.16,58.3 2 0
std/internal/models/model.go:62.67,65.16 3 1
std/internal/models/model.go:69.2,69.18 1 1
std/internal/models/model.go:65.16,68.3 2 1
std/internal/models/model.go:72.70,76.16 4 1
std/internal/models/model.go:80.2,81.12 2 1
std/internal/models/model.go:76.16,79.3 2 1
std/internal/models/model.go:84.53,87.16 3 1
std/internal/models/model.go:91.2,92.12 2 1
std/internal/models/model.go:87.16,90.3 2 1
